 
****************************************
Report : area
Design : FFT
Version: K-2015.06
Date   : Sat Jan  1 11:36:53 2022
****************************************

Library(s) Used:

    fsc0h_d_generic_core_ss1p08v125c (File: /home/IC/Desktop/Abdelazeem/Technology_Library/UMC130nm/lib/StdCell/fsc0h_d_generic_core_ss1p08v125c.db)

Number of ports:                         1390
Number of nets:                         15159
Number of cells:                        12799
Number of combinational cells:          10401
Number of sequential cells:              2392
Number of macros/black boxes:               0
Number of buf/inv:                       1522
Number of references:                      80

Combinational area:             115985.919649
Buf/Inv area:                     6324.479866
Noncombinational area:           86227.200359
Macro/Black Box area:                0.000000
Net Interconnect area:      undefined  (Wire load has zero net area)

Total cell area:                202213.120008
Total area:                 undefined
1
